cl : command line warning D9035: option 'Gm' has been deprecated and will be removed in a future release
  example1.cpp
D:\DELL\Documents\Năm ba\Kỳ phụ\Đồ hoạ máy tính\GOC\BaiTHso3_2_project_Cube\GLSLExperiment\example1.cpp(178,28): warning C4305: 'argument': truncation from 'double' to 'GLfloat'
D:\DELL\Documents\Năm ba\Kỳ phụ\Đồ hoạ máy tính\GOC\BaiTHso3_2_project_Cube\GLSLExperiment\example1.cpp(179,28): warning C4305: 'argument': truncation from 'double' to 'GLfloat'
D:\DELL\Documents\Năm ba\Kỳ phụ\Đồ hoạ máy tính\GOC\BaiTHso3_2_project_Cube\GLSLExperiment\example1.cpp(182,28): warning C4305: 'argument': truncation from 'double' to 'GLfloat'
D:\DELL\Documents\Năm ba\Kỳ phụ\Đồ hoạ máy tính\GOC\BaiTHso3_2_project_Cube\GLSLExperiment\example1.cpp(240,28): warning C4305: 'argument': truncation from 'double' to 'GLfloat'
D:\DELL\Documents\Năm ba\Kỳ phụ\Đồ hoạ máy tính\GOC\BaiTHso3_2_project_Cube\GLSLExperiment\example1.cpp(241,28): warning C4305: 'argument': truncation from 'double' to 'GLfloat'
D:\DELL\Documents\Năm ba\Kỳ phụ\Đồ hoạ máy tính\GOC\BaiTHso3_2_project_Cube\GLSLExperiment\example1.cpp(283,28): warning C4305: 'argument': truncation from 'double' to 'GLfloat'
D:\DELL\Documents\Năm ba\Kỳ phụ\Đồ hoạ máy tính\GOC\BaiTHso3_2_project_Cube\GLSLExperiment\example1.cpp(284,28): warning C4305: 'argument': truncation from 'double' to 'GLfloat'
D:\DELL\Documents\Năm ba\Kỳ phụ\Đồ hoạ máy tính\GOC\BaiTHso3_2_project_Cube\GLSLExperiment\example1.cpp(286,29): warning C4305: 'argument': truncation from 'double' to 'GLfloat'
D:\DELL\Documents\Năm ba\Kỳ phụ\Đồ hoạ máy tính\GOC\BaiTHso3_2_project_Cube\GLSLExperiment\example1.cpp(287,29): warning C4305: 'argument': truncation from 'double' to 'GLfloat'
D:\DELL\Documents\Năm ba\Kỳ phụ\Đồ hoạ máy tính\GOC\BaiTHso3_2_project_Cube\GLSLExperiment\example1.cpp(306,28): warning C4305: 'argument': truncation from 'double' to 'GLfloat'
D:\DELL\Documents\Năm ba\Kỳ phụ\Đồ hoạ máy tính\GOC\BaiTHso3_2_project_Cube\GLSLExperiment\example1.cpp(307,28): warning C4305: 'argument': truncation from 'double' to 'GLfloat'
D:\DELL\Documents\Năm ba\Kỳ phụ\Đồ hoạ máy tính\GOC\BaiTHso3_2_project_Cube\GLSLExperiment\example1.cpp(309,28): warning C4305: 'argument': truncation from 'double' to 'GLfloat'
D:\DELL\Documents\Năm ba\Kỳ phụ\Đồ hoạ máy tính\GOC\BaiTHso3_2_project_Cube\GLSLExperiment\example1.cpp(310,28): warning C4305: 'argument': truncation from 'double' to 'GLfloat'
D:\DELL\Documents\Năm ba\Kỳ phụ\Đồ hoạ máy tính\GOC\BaiTHso3_2_project_Cube\GLSLExperiment\example1.cpp(323,28): warning C4305: 'argument': truncation from 'double' to 'GLfloat'
D:\DELL\Documents\Năm ba\Kỳ phụ\Đồ hoạ máy tính\GOC\BaiTHso3_2_project_Cube\GLSLExperiment\example1.cpp(324,28): warning C4305: 'argument': truncation from 'double' to 'GLfloat'
D:\DELL\Documents\Năm ba\Kỳ phụ\Đồ hoạ máy tính\GOC\BaiTHso3_2_project_Cube\GLSLExperiment\example1.cpp(350,28): warning C4305: 'argument': truncation from 'double' to 'GLfloat'
D:\DELL\Documents\Năm ba\Kỳ phụ\Đồ hoạ máy tính\GOC\BaiTHso3_2_project_Cube\GLSLExperiment\example1.cpp(351,28): warning C4305: 'argument': truncation from 'double' to 'GLfloat'
D:\DELL\Documents\Năm ba\Kỳ phụ\Đồ hoạ máy tính\GOC\BaiTHso3_2_project_Cube\GLSLExperiment\example1.cpp(353,28): warning C4305: 'argument': truncation from 'double' to 'GLfloat'
D:\DELL\Documents\Năm ba\Kỳ phụ\Đồ hoạ máy tính\GOC\BaiTHso3_2_project_Cube\GLSLExperiment\example1.cpp(354,28): warning C4305: 'argument': truncation from 'double' to 'GLfloat'
D:\DELL\Documents\Năm ba\Kỳ phụ\Đồ hoạ máy tính\GOC\BaiTHso3_2_project_Cube\GLSLExperiment\example1.cpp(359,64): warning C4305: 'argument': truncation from 'double' to 'const GLfloat'
D:\DELL\Documents\Năm ba\Kỳ phụ\Đồ hoạ máy tính\GOC\BaiTHso3_2_project_Cube\GLSLExperiment\example1.cpp(367,28): warning C4305: 'argument': truncation from 'double' to 'GLfloat'
D:\DELL\Documents\Năm ba\Kỳ phụ\Đồ hoạ máy tính\GOC\BaiTHso3_2_project_Cube\GLSLExperiment\example1.cpp(368,28): warning C4305: 'argument': truncation from 'double' to 'GLfloat'
D:\DELL\Documents\Năm ba\Kỳ phụ\Đồ hoạ máy tính\GOC\BaiTHso3_2_project_Cube\GLSLExperiment\example1.cpp(370,28): warning C4305: 'argument': truncation from 'double' to 'GLfloat'
D:\DELL\Documents\Năm ba\Kỳ phụ\Đồ hoạ máy tính\GOC\BaiTHso3_2_project_Cube\GLSLExperiment\example1.cpp(371,28): warning C4305: 'argument': truncation from 'double' to 'GLfloat'
D:\DELL\Documents\Năm ba\Kỳ phụ\Đồ hoạ máy tính\GOC\BaiTHso3_2_project_Cube\GLSLExperiment\example1.cpp(384,28): warning C4305: 'argument': truncation from 'double' to 'GLfloat'
D:\DELL\Documents\Năm ba\Kỳ phụ\Đồ hoạ máy tính\GOC\BaiTHso3_2_project_Cube\GLSLExperiment\example1.cpp(385,28): warning C4305: 'argument': truncation from 'double' to 'GLfloat'
D:\DELL\Documents\Năm ba\Kỳ phụ\Đồ hoạ máy tính\GOC\BaiTHso3_2_project_Cube\GLSLExperiment\example1.cpp(387,28): warning C4305: 'argument': truncation from 'double' to 'GLfloat'
D:\DELL\Documents\Năm ba\Kỳ phụ\Đồ hoạ máy tính\GOC\BaiTHso3_2_project_Cube\GLSLExperiment\example1.cpp(388,28): warning C4305: 'argument': truncation from 'double' to 'GLfloat'
D:\DELL\Documents\Năm ba\Kỳ phụ\Đồ hoạ máy tính\GOC\BaiTHso3_2_project_Cube\GLSLExperiment\example1.cpp(401,28): warning C4305: 'argument': truncation from 'double' to 'GLfloat'
D:\DELL\Documents\Năm ba\Kỳ phụ\Đồ hoạ máy tính\GOC\BaiTHso3_2_project_Cube\GLSLExperiment\example1.cpp(402,28): warning C4305: 'argument': truncation from 'double' to 'GLfloat'
D:\DELL\Documents\Năm ba\Kỳ phụ\Đồ hoạ máy tính\GOC\BaiTHso3_2_project_Cube\GLSLExperiment\example1.cpp(434,28): warning C4305: 'argument': truncation from 'double' to 'GLfloat'
D:\DELL\Documents\Năm ba\Kỳ phụ\Đồ hoạ máy tính\GOC\BaiTHso3_2_project_Cube\GLSLExperiment\example1.cpp(435,28): warning C4305: 'argument': truncation from 'double' to 'GLfloat'
D:\DELL\Documents\Năm ba\Kỳ phụ\Đồ hoạ máy tính\GOC\BaiTHso3_2_project_Cube\GLSLExperiment\example1.cpp(437,28): warning C4305: 'argument': truncation from 'double' to 'GLfloat'
D:\DELL\Documents\Năm ba\Kỳ phụ\Đồ hoạ máy tính\GOC\BaiTHso3_2_project_Cube\GLSLExperiment\example1.cpp(438,28): warning C4305: 'argument': truncation from 'double' to 'GLfloat'
D:\DELL\Documents\Năm ba\Kỳ phụ\Đồ hoạ máy tính\GOC\BaiTHso3_2_project_Cube\GLSLExperiment\example1.cpp(451,28): warning C4305: 'argument': truncation from 'double' to 'GLfloat'
D:\DELL\Documents\Năm ba\Kỳ phụ\Đồ hoạ máy tính\GOC\BaiTHso3_2_project_Cube\GLSLExperiment\example1.cpp(452,28): warning C4305: 'argument': truncation from 'double' to 'GLfloat'
D:\DELL\Documents\Năm ba\Kỳ phụ\Đồ hoạ máy tính\GOC\BaiTHso3_2_project_Cube\GLSLExperiment\example1.cpp(468,28): warning C4305: 'argument': truncation from 'double' to 'GLfloat'
D:\DELL\Documents\Năm ba\Kỳ phụ\Đồ hoạ máy tính\GOC\BaiTHso3_2_project_Cube\GLSLExperiment\example1.cpp(469,28): warning C4305: 'argument': truncation from 'double' to 'GLfloat'
D:\DELL\Documents\Năm ba\Kỳ phụ\Đồ hoạ máy tính\GOC\BaiTHso3_2_project_Cube\GLSLExperiment\example1.cpp(492,28): warning C4305: 'argument': truncation from 'double' to 'GLfloat'
D:\DELL\Documents\Năm ba\Kỳ phụ\Đồ hoạ máy tính\GOC\BaiTHso3_2_project_Cube\GLSLExperiment\example1.cpp(493,28): warning C4305: 'argument': truncation from 'double' to 'GLfloat'
D:\DELL\Documents\Năm ba\Kỳ phụ\Đồ hoạ máy tính\GOC\BaiTHso3_2_project_Cube\GLSLExperiment\example1.cpp(495,28): warning C4305: 'argument': truncation from 'double' to 'GLfloat'
D:\DELL\Documents\Năm ba\Kỳ phụ\Đồ hoạ máy tính\GOC\BaiTHso3_2_project_Cube\GLSLExperiment\example1.cpp(496,28): warning C4305: 'argument': truncation from 'double' to 'GLfloat'
D:\DELL\Documents\Năm ba\Kỳ phụ\Đồ hoạ máy tính\GOC\BaiTHso3_2_project_Cube\GLSLExperiment\example1.cpp(509,28): warning C4305: 'argument': truncation from 'double' to 'GLfloat'
D:\DELL\Documents\Năm ba\Kỳ phụ\Đồ hoạ máy tính\GOC\BaiTHso3_2_project_Cube\GLSLExperiment\example1.cpp(510,28): warning C4305: 'argument': truncation from 'double' to 'GLfloat'
D:\DELL\Documents\Năm ba\Kỳ phụ\Đồ hoạ máy tính\GOC\BaiTHso3_2_project_Cube\GLSLExperiment\example1.cpp(544,28): warning C4305: 'argument': truncation from 'double' to 'GLfloat'
D:\DELL\Documents\Năm ba\Kỳ phụ\Đồ hoạ máy tính\GOC\BaiTHso3_2_project_Cube\GLSLExperiment\example1.cpp(545,28): warning C4305: 'argument': truncation from 'double' to 'GLfloat'
D:\DELL\Documents\Năm ba\Kỳ phụ\Đồ hoạ máy tính\GOC\BaiTHso3_2_project_Cube\GLSLExperiment\example1.cpp(561,28): warning C4305: 'argument': truncation from 'double' to 'GLfloat'
D:\DELL\Documents\Năm ba\Kỳ phụ\Đồ hoạ máy tính\GOC\BaiTHso3_2_project_Cube\GLSLExperiment\example1.cpp(562,28): warning C4305: 'argument': truncation from 'double' to 'GLfloat'
D:\DELL\Documents\Năm ba\Kỳ phụ\Đồ hoạ máy tính\GOC\BaiTHso3_2_project_Cube\GLSLExperiment\example1.cpp(578,28): warning C4305: 'argument': truncation from 'double' to 'GLfloat'
D:\DELL\Documents\Năm ba\Kỳ phụ\Đồ hoạ máy tính\GOC\BaiTHso3_2_project_Cube\GLSLExperiment\example1.cpp(579,28): warning C4305: 'argument': truncation from 'double' to 'GLfloat'
D:\DELL\Documents\Năm ba\Kỳ phụ\Đồ hoạ máy tính\GOC\BaiTHso3_2_project_Cube\GLSLExperiment\example1.cpp(595,28): warning C4305: 'argument': truncation from 'double' to 'GLfloat'
D:\DELL\Documents\Năm ba\Kỳ phụ\Đồ hoạ máy tính\GOC\BaiTHso3_2_project_Cube\GLSLExperiment\example1.cpp(596,28): warning C4305: 'argument': truncation from 'double' to 'GLfloat'
D:\DELL\Documents\Năm ba\Kỳ phụ\Đồ hoạ máy tính\GOC\BaiTHso3_2_project_Cube\GLSLExperiment\example1.cpp(612,28): warning C4305: 'argument': truncation from 'double' to 'GLfloat'
D:\DELL\Documents\Năm ba\Kỳ phụ\Đồ hoạ máy tính\GOC\BaiTHso3_2_project_Cube\GLSLExperiment\example1.cpp(613,28): warning C4305: 'argument': truncation from 'double' to 'GLfloat'
D:\DELL\Documents\Năm ba\Kỳ phụ\Đồ hoạ máy tính\GOC\BaiTHso3_2_project_Cube\GLSLExperiment\example1.cpp(631,30): warning C4244: 'argument': conversion from 'int' to 'GLfloat', possible loss of data
D:\DELL\Documents\Năm ba\Kỳ phụ\Đồ hoạ máy tính\GOC\BaiTHso3_2_project_Cube\GLSLExperiment\example1.cpp(649,28): warning C4305: 'argument': truncation from 'double' to 'GLfloat'
D:\DELL\Documents\Năm ba\Kỳ phụ\Đồ hoạ máy tính\GOC\BaiTHso3_2_project_Cube\GLSLExperiment\example1.cpp(650,28): warning C4305: 'argument': truncation from 'double' to 'GLfloat'
D:\DELL\Documents\Năm ba\Kỳ phụ\Đồ hoạ máy tính\GOC\BaiTHso3_2_project_Cube\GLSLExperiment\example1.cpp(652,28): warning C4305: 'argument': truncation from 'double' to 'GLfloat'
D:\DELL\Documents\Năm ba\Kỳ phụ\Đồ hoạ máy tính\GOC\BaiTHso3_2_project_Cube\GLSLExperiment\example1.cpp(653,28): warning C4305: 'argument': truncation from 'double' to 'GLfloat'
D:\DELL\Documents\Năm ba\Kỳ phụ\Đồ hoạ máy tính\GOC\BaiTHso3_2_project_Cube\GLSLExperiment\example1.cpp(666,28): warning C4305: 'argument': truncation from 'double' to 'GLfloat'
D:\DELL\Documents\Năm ba\Kỳ phụ\Đồ hoạ máy tính\GOC\BaiTHso3_2_project_Cube\GLSLExperiment\example1.cpp(667,28): warning C4305: 'argument': truncation from 'double' to 'GLfloat'
D:\DELL\Documents\Năm ba\Kỳ phụ\Đồ hoạ máy tính\GOC\BaiTHso3_2_project_Cube\GLSLExperiment\example1.cpp(682,69): warning C4244: 'argument': conversion from 'double' to 'const GLfloat', possible loss of data
D:\DELL\Documents\Năm ba\Kỳ phụ\Đồ hoạ máy tính\GOC\BaiTHso3_2_project_Cube\GLSLExperiment\example1.cpp(854,58): warning C4305: 'argument': truncation from 'double' to 'const GLfloat'
D:\DELL\Documents\Năm ba\Kỳ phụ\Đồ hoạ máy tính\GOC\BaiTHso3_2_project_Cube\GLSLExperiment\example1.cpp(861,61): warning C4305: 'argument': truncation from 'double' to 'const GLfloat'
D:\DELL\Documents\Năm ba\Kỳ phụ\Đồ hoạ máy tính\GOC\BaiTHso3_2_project_Cube\GLSLExperiment\example1.cpp(868,59): warning C4305: 'argument': truncation from 'double' to 'const GLfloat'
D:\DELL\Documents\Năm ba\Kỳ phụ\Đồ hoạ máy tính\GOC\BaiTHso3_2_project_Cube\GLSLExperiment\example1.cpp(876,28): warning C4305: 'argument': truncation from 'double' to 'GLfloat'
D:\DELL\Documents\Năm ba\Kỳ phụ\Đồ hoạ máy tính\GOC\BaiTHso3_2_project_Cube\GLSLExperiment\example1.cpp(877,28): warning C4305: 'argument': truncation from 'double' to 'GLfloat'
D:\DELL\Documents\Năm ba\Kỳ phụ\Đồ hoạ máy tính\GOC\BaiTHso3_2_project_Cube\GLSLExperiment\example1.cpp(885,65): warning C4305: 'argument': truncation from 'double' to 'const GLfloat'
D:\DELL\Documents\Năm ba\Kỳ phụ\Đồ hoạ máy tính\GOC\BaiTHso3_2_project_Cube\GLSLExperiment\example1.cpp(894,28): warning C4305: 'argument': truncation from 'double' to 'GLfloat'
D:\DELL\Documents\Năm ba\Kỳ phụ\Đồ hoạ máy tính\GOC\BaiTHso3_2_project_Cube\GLSLExperiment\example1.cpp(895,28): warning C4305: 'argument': truncation from 'double' to 'GLfloat'
D:\DELL\Documents\Năm ba\Kỳ phụ\Đồ hoạ máy tính\GOC\BaiTHso3_2_project_Cube\GLSLExperiment\example1.cpp(903,61): warning C4305: 'argument': truncation from 'double' to 'const GLfloat'
D:\DELL\Documents\Năm ba\Kỳ phụ\Đồ hoạ máy tính\GOC\BaiTHso3_2_project_Cube\GLSLExperiment\example1.cpp(912,28): warning C4305: 'argument': truncation from 'double' to 'GLfloat'
D:\DELL\Documents\Năm ba\Kỳ phụ\Đồ hoạ máy tính\GOC\BaiTHso3_2_project_Cube\GLSLExperiment\example1.cpp(913,28): warning C4305: 'argument': truncation from 'double' to 'GLfloat'
D:\DELL\Documents\Năm ba\Kỳ phụ\Đồ hoạ máy tính\GOC\BaiTHso3_2_project_Cube\GLSLExperiment\example1.cpp(921,61): warning C4305: 'argument': truncation from 'double' to 'const GLfloat'
D:\DELL\Documents\Năm ba\Kỳ phụ\Đồ hoạ máy tính\GOC\BaiTHso3_2_project_Cube\GLSLExperiment\example1.cpp(930,28): warning C4305: 'argument': truncation from 'double' to 'GLfloat'
D:\DELL\Documents\Năm ba\Kỳ phụ\Đồ hoạ máy tính\GOC\BaiTHso3_2_project_Cube\GLSLExperiment\example1.cpp(931,28): warning C4305: 'argument': truncation from 'double' to 'GLfloat'
D:\DELL\Documents\Năm ba\Kỳ phụ\Đồ hoạ máy tính\GOC\BaiTHso3_2_project_Cube\GLSLExperiment\example1.cpp(933,28): warning C4305: 'argument': truncation from 'double' to 'GLfloat'
D:\DELL\Documents\Năm ba\Kỳ phụ\Đồ hoạ máy tính\GOC\BaiTHso3_2_project_Cube\GLSLExperiment\example1.cpp(934,28): warning C4305: 'argument': truncation from 'double' to 'GLfloat'
D:\DELL\Documents\Năm ba\Kỳ phụ\Đồ hoạ máy tính\GOC\BaiTHso3_2_project_Cube\GLSLExperiment\example1.cpp(940,26): warning C4305: 'argument': truncation from 'double' to 'GLfloat'
D:\DELL\Documents\Năm ba\Kỳ phụ\Đồ hoạ máy tính\GOC\BaiTHso3_2_project_Cube\GLSLExperiment\example1.cpp(941,29): warning C4305: 'argument': truncation from 'double' to 'GLfloat'
D:\DELL\Documents\Năm ba\Kỳ phụ\Đồ hoạ máy tính\GOC\BaiTHso3_2_project_Cube\GLSLExperiment\example1.cpp(942,30): warning C4305: 'argument': truncation from 'double' to 'GLfloat'
D:\DELL\Documents\Năm ba\Kỳ phụ\Đồ hoạ máy tính\GOC\BaiTHso3_2_project_Cube\GLSLExperiment\example1.cpp(943,30): warning C4305: 'argument': truncation from 'double' to 'GLfloat'
D:\DELL\Documents\Năm ba\Kỳ phụ\Đồ hoạ máy tính\GOC\BaiTHso3_2_project_Cube\GLSLExperiment\example1.cpp(944,31): warning C4305: 'argument': truncation from 'double' to 'GLfloat'
D:\DELL\Documents\Năm ba\Kỳ phụ\Đồ hoạ máy tính\GOC\BaiTHso3_2_project_Cube\GLSLExperiment\example1.cpp(948,63): warning C4244: 'argument': conversion from 'double' to 'const GLfloat', possible loss of data
D:\DELL\Documents\Năm ba\Kỳ phụ\Đồ hoạ máy tính\GOC\BaiTHso3_2_project_Cube\GLSLExperiment\example1.cpp(948,53): warning C4244: 'argument': conversion from 'double' to 'const GLfloat', possible loss of data
D:\DELL\Documents\Năm ba\Kỳ phụ\Đồ hoạ máy tính\GOC\BaiTHso3_2_project_Cube\GLSLExperiment\example1.cpp(948,43): warning C4244: 'argument': conversion from 'double' to 'const GLfloat', possible loss of data
D:\DELL\Documents\Năm ba\Kỳ phụ\Đồ hoạ máy tính\GOC\BaiTHso3_2_project_Cube\GLSLExperiment\example1.cpp(948,81): warning C4305: 'argument': truncation from 'double' to 'GLfloat'
D:\DELL\Documents\Năm ba\Kỳ phụ\Đồ hoạ máy tính\GOC\BaiTHso3_2_project_Cube\GLSLExperiment\example1.cpp(950,126): warning C4244: 'argument': conversion from 'double' to 'const GLfloat', possible loss of data
D:\DELL\Documents\Năm ba\Kỳ phụ\Đồ hoạ máy tính\GOC\BaiTHso3_2_project_Cube\GLSLExperiment\example1.cpp(950,131): warning C4305: 'argument': truncation from 'double' to 'const GLfloat'
D:\DELL\Documents\Năm ba\Kỳ phụ\Đồ hoạ máy tính\GOC\BaiTHso3_2_project_Cube\GLSLExperiment\example1.cpp(950,190): warning C4244: 'argument': conversion from 'double' to 'const GLfloat', possible loss of data
D:\DELL\Documents\Năm ba\Kỳ phụ\Đồ hoạ máy tính\GOC\BaiTHso3_2_project_Cube\GLSLExperiment\example1.cpp(950,195): warning C4305: 'argument': truncation from 'double' to 'const GLfloat'
D:\DELL\Documents\Năm ba\Kỳ phụ\Đồ hoạ máy tính\GOC\BaiTHso3_2_project_Cube\GLSLExperiment\example1.cpp(954,23): warning C4305: 'argument': truncation from 'double' to 'GLfloat'
D:\DELL\Documents\Năm ba\Kỳ phụ\Đồ hoạ máy tính\GOC\BaiTHso3_2_project_Cube\GLSLExperiment\example1.cpp(955,24): warning C4305: 'argument': truncation from 'double' to 'GLfloat'
D:\DELL\Documents\Năm ba\Kỳ phụ\Đồ hoạ máy tính\GOC\BaiTHso3_2_project_Cube\GLSLExperiment\example1.cpp(967,59): warning C4305: 'argument': truncation from 'double' to 'const GLfloat'
D:\DELL\Documents\Năm ba\Kỳ phụ\Đồ hoạ máy tính\GOC\BaiTHso3_2_project_Cube\GLSLExperiment\example1.cpp(975,72): warning C4305: 'argument': truncation from 'double' to 'const GLfloat'
D:\DELL\Documents\Năm ba\Kỳ phụ\Đồ hoạ máy tính\GOC\BaiTHso3_2_project_Cube\GLSLExperiment\example1.cpp(984,28): warning C4305: 'argument': truncation from 'double' to 'GLfloat'
D:\DELL\Documents\Năm ba\Kỳ phụ\Đồ hoạ máy tính\GOC\BaiTHso3_2_project_Cube\GLSLExperiment\example1.cpp(985,28): warning C4305: 'argument': truncation from 'double' to 'GLfloat'
D:\DELL\Documents\Năm ba\Kỳ phụ\Đồ hoạ máy tính\GOC\BaiTHso3_2_project_Cube\GLSLExperiment\example1.cpp(987,28): warning C4305: 'argument': truncation from 'double' to 'GLfloat'
D:\DELL\Documents\Năm ba\Kỳ phụ\Đồ hoạ máy tính\GOC\BaiTHso3_2_project_Cube\GLSLExperiment\example1.cpp(988,28): warning C4305: 'argument': truncation from 'double' to 'GLfloat'
D:\DELL\Documents\Năm ba\Kỳ phụ\Đồ hoạ máy tính\GOC\BaiTHso3_2_project_Cube\GLSLExperiment\example1.cpp(993,41): warning C4305: 'argument': truncation from 'double' to 'const GLfloat'
D:\DELL\Documents\Năm ba\Kỳ phụ\Đồ hoạ máy tính\GOC\BaiTHso3_2_project_Cube\GLSLExperiment\example1.cpp(993,65): warning C4305: 'argument': truncation from 'double' to 'const GLfloat'
D:\DELL\Documents\Năm ba\Kỳ phụ\Đồ hoạ máy tính\GOC\BaiTHso3_2_project_Cube\GLSLExperiment\example1.cpp(1000,60): warning C4305: 'argument': truncation from 'double' to 'const GLfloat'
D:\DELL\Documents\Năm ba\Kỳ phụ\Đồ hoạ máy tính\GOC\BaiTHso3_2_project_Cube\GLSLExperiment\example1.cpp(1008,28): warning C4305: 'argument': truncation from 'double' to 'GLfloat'
D:\DELL\Documents\Năm ba\Kỳ phụ\Đồ hoạ máy tính\GOC\BaiTHso3_2_project_Cube\GLSLExperiment\example1.cpp(1009,28): warning C4305: 'argument': truncation from 'double' to 'GLfloat'
D:\DELL\Documents\Năm ba\Kỳ phụ\Đồ hoạ máy tính\GOC\BaiTHso3_2_project_Cube\GLSLExperiment\example1.cpp(1017,74): warning C4305: 'argument': truncation from 'double' to 'const GLfloat'
D:\DELL\Documents\Năm ba\Kỳ phụ\Đồ hoạ máy tính\GOC\BaiTHso3_2_project_Cube\GLSLExperiment\example1.cpp(1025,28): warning C4305: 'argument': truncation from 'double' to 'GLfloat'
D:\DELL\Documents\Năm ba\Kỳ phụ\Đồ hoạ máy tính\GOC\BaiTHso3_2_project_Cube\GLSLExperiment\example1.cpp(1026,28): warning C4305: 'argument': truncation from 'double' to 'GLfloat'
D:\DELL\Documents\Năm ba\Kỳ phụ\Đồ hoạ máy tính\GOC\BaiTHso3_2_project_Cube\GLSLExperiment\example1.cpp(1028,28): warning C4305: 'argument': truncation from 'double' to 'GLfloat'
D:\DELL\Documents\Năm ba\Kỳ phụ\Đồ hoạ máy tính\GOC\BaiTHso3_2_project_Cube\GLSLExperiment\example1.cpp(1029,28): warning C4305: 'argument': truncation from 'double' to 'GLfloat'
D:\DELL\Documents\Năm ba\Kỳ phụ\Đồ hoạ máy tính\GOC\BaiTHso3_2_project_Cube\GLSLExperiment\example1.cpp(1035,12): warning C4305: 'argument': truncation from 'double' to 'GLfloat'
D:\DELL\Documents\Năm ba\Kỳ phụ\Đồ hoạ máy tính\GOC\BaiTHso3_2_project_Cube\GLSLExperiment\example1.cpp(1036,12): warning C4305: 'argument': truncation from 'double' to 'GLfloat'
D:\DELL\Documents\Năm ba\Kỳ phụ\Đồ hoạ máy tính\GOC\BaiTHso3_2_project_Cube\GLSLExperiment\example1.cpp(1037,12): warning C4305: 'argument': truncation from 'double' to 'GLfloat'
D:\DELL\Documents\Năm ba\Kỳ phụ\Đồ hoạ máy tính\GOC\BaiTHso3_2_project_Cube\GLSLExperiment\example1.cpp(1038,24): warning C4305: 'argument': truncation from 'double' to 'GLfloat'
D:\DELL\Documents\Năm ba\Kỳ phụ\Đồ hoạ máy tính\GOC\BaiTHso3_2_project_Cube\GLSLExperiment\example1.cpp(1039,25): warning C4305: 'argument': truncation from 'double' to 'GLfloat'
D:\DELL\Documents\Năm ba\Kỳ phụ\Đồ hoạ máy tính\GOC\BaiTHso3_2_project_Cube\GLSLExperiment\example1.cpp(1040,26): warning C4305: 'argument': truncation from 'double' to 'GLfloat'
D:\DELL\Documents\Năm ba\Kỳ phụ\Đồ hoạ máy tính\GOC\BaiTHso3_2_project_Cube\GLSLExperiment\example1.cpp(1041,28): warning C4305: 'argument': truncation from 'double' to 'GLfloat'
D:\DELL\Documents\Năm ba\Kỳ phụ\Đồ hoạ máy tính\GOC\BaiTHso3_2_project_Cube\GLSLExperiment\example1.cpp(1042,30): warning C4305: 'argument': truncation from 'double' to 'GLfloat'
D:\DELL\Documents\Năm ba\Kỳ phụ\Đồ hoạ máy tính\GOC\BaiTHso3_2_project_Cube\GLSLExperiment\example1.cpp(1043,29): warning C4305: 'argument': truncation from 'double' to 'GLfloat'
D:\DELL\Documents\Năm ba\Kỳ phụ\Đồ hoạ máy tính\GOC\BaiTHso3_2_project_Cube\GLSLExperiment\example1.cpp(1044,29): warning C4305: 'argument': truncation from 'double' to 'GLfloat'
D:\DELL\Documents\Năm ba\Kỳ phụ\Đồ hoạ máy tính\GOC\BaiTHso3_2_project_Cube\GLSLExperiment\example1.cpp(1050,60): warning C4305: 'argument': truncation from 'double' to 'const GLfloat'
D:\DELL\Documents\Năm ba\Kỳ phụ\Đồ hoạ máy tính\GOC\BaiTHso3_2_project_Cube\GLSLExperiment\example1.cpp(1058,28): warning C4305: 'argument': truncation from 'double' to 'GLfloat'
D:\DELL\Documents\Năm ba\Kỳ phụ\Đồ hoạ máy tính\GOC\BaiTHso3_2_project_Cube\GLSLExperiment\example1.cpp(1059,28): warning C4305: 'argument': truncation from 'double' to 'GLfloat'
D:\DELL\Documents\Năm ba\Kỳ phụ\Đồ hoạ máy tính\GOC\BaiTHso3_2_project_Cube\GLSLExperiment\example1.cpp(1061,28): warning C4305: 'argument': truncation from 'double' to 'GLfloat'
D:\DELL\Documents\Năm ba\Kỳ phụ\Đồ hoạ máy tính\GOC\BaiTHso3_2_project_Cube\GLSLExperiment\example1.cpp(1062,28): warning C4305: 'argument': truncation from 'double' to 'GLfloat'
D:\DELL\Documents\Năm ba\Kỳ phụ\Đồ hoạ máy tính\GOC\BaiTHso3_2_project_Cube\GLSLExperiment\example1.cpp(1067,40): warning C4305: 'argument': truncation from 'double' to 'const GLfloat'
D:\DELL\Documents\Năm ba\Kỳ phụ\Đồ hoạ máy tính\GOC\BaiTHso3_2_project_Cube\GLSLExperiment\example1.cpp(1067,64): warning C4305: 'argument': truncation from 'double' to 'const GLfloat'
D:\DELL\Documents\Năm ba\Kỳ phụ\Đồ hoạ máy tính\GOC\BaiTHso3_2_project_Cube\GLSLExperiment\example1.cpp(1074,59): warning C4305: 'argument': truncation from 'double' to 'const GLfloat'
D:\DELL\Documents\Năm ba\Kỳ phụ\Đồ hoạ máy tính\GOC\BaiTHso3_2_project_Cube\GLSLExperiment\example1.cpp(1081,28): warning C4305: 'argument': truncation from 'double' to 'GLfloat'
D:\DELL\Documents\Năm ba\Kỳ phụ\Đồ hoạ máy tính\GOC\BaiTHso3_2_project_Cube\GLSLExperiment\example1.cpp(1082,28): warning C4305: 'argument': truncation from 'double' to 'GLfloat'
D:\DELL\Documents\Năm ba\Kỳ phụ\Đồ hoạ máy tính\GOC\BaiTHso3_2_project_Cube\GLSLExperiment\example1.cpp(1090,74): warning C4305: 'argument': truncation from 'double' to 'const GLfloat'
D:\DELL\Documents\Năm ba\Kỳ phụ\Đồ hoạ máy tính\GOC\BaiTHso3_2_project_Cube\GLSLExperiment\example1.cpp(1097,13): warning C4305: 'argument': truncation from 'double' to 'GLfloat'
D:\DELL\Documents\Năm ba\Kỳ phụ\Đồ hoạ máy tính\GOC\BaiTHso3_2_project_Cube\GLSLExperiment\example1.cpp(1099,28): warning C4305: 'argument': truncation from 'double' to 'GLfloat'
D:\DELL\Documents\Năm ba\Kỳ phụ\Đồ hoạ máy tính\GOC\BaiTHso3_2_project_Cube\GLSLExperiment\example1.cpp(1100,30): warning C4305: 'argument': truncation from 'double' to 'GLfloat'
D:\DELL\Documents\Năm ba\Kỳ phụ\Đồ hoạ máy tính\GOC\BaiTHso3_2_project_Cube\GLSLExperiment\example1.cpp(1101,31): warning C4305: 'argument': truncation from 'double' to 'GLfloat'
D:\DELL\Documents\Năm ba\Kỳ phụ\Đồ hoạ máy tính\GOC\BaiTHso3_2_project_Cube\GLSLExperiment\example1.cpp(1108,29): warning C4305: 'argument': truncation from 'double' to 'GLfloat'
D:\DELL\Documents\Năm ba\Kỳ phụ\Đồ hoạ máy tính\GOC\BaiTHso3_2_project_Cube\GLSLExperiment\example1.cpp(1113,67): warning C4244: 'argument': conversion from 'double' to 'const GLfloat', possible loss of data
D:\DELL\Documents\Năm ba\Kỳ phụ\Đồ hoạ máy tính\GOC\BaiTHso3_2_project_Cube\GLSLExperiment\example1.cpp(1113,55): warning C4244: 'argument': conversion from 'double' to 'const GLfloat', possible loss of data
D:\DELL\Documents\Năm ba\Kỳ phụ\Đồ hoạ máy tính\GOC\BaiTHso3_2_project_Cube\GLSLExperiment\example1.cpp(1113,43): warning C4244: 'argument': conversion from 'double' to 'const GLfloat', possible loss of data
D:\DELL\Documents\Năm ba\Kỳ phụ\Đồ hoạ máy tính\GOC\BaiTHso3_2_project_Cube\GLSLExperiment\example1.cpp(1113,104): warning C4305: 'argument': truncation from 'double' to 'GLfloat'
D:\DELL\Documents\Năm ba\Kỳ phụ\Đồ hoạ máy tính\GOC\BaiTHso3_2_project_Cube\GLSLExperiment\example1.cpp(1117,58): warning C4305: 'argument': truncation from 'double' to 'const GLfloat'
D:\DELL\Documents\Năm ba\Kỳ phụ\Đồ hoạ máy tính\GOC\BaiTHso3_2_project_Cube\GLSLExperiment\example1.cpp(1117,100): warning C4305: 'argument': truncation from 'double' to 'const GLfloat'
D:\DELL\Documents\Năm ba\Kỳ phụ\Đồ hoạ máy tính\GOC\BaiTHso3_2_project_Cube\GLSLExperiment\example1.cpp(1132,28): warning C4305: 'argument': truncation from 'double' to 'GLfloat'
D:\DELL\Documents\Năm ba\Kỳ phụ\Đồ hoạ máy tính\GOC\BaiTHso3_2_project_Cube\GLSLExperiment\example1.cpp(1133,28): warning C4305: 'argument': truncation from 'double' to 'GLfloat'
D:\DELL\Documents\Năm ba\Kỳ phụ\Đồ hoạ máy tính\GOC\BaiTHso3_2_project_Cube\GLSLExperiment\example1.cpp(1135,28): warning C4305: 'argument': truncation from 'double' to 'GLfloat'
D:\DELL\Documents\Năm ba\Kỳ phụ\Đồ hoạ máy tính\GOC\BaiTHso3_2_project_Cube\GLSLExperiment\example1.cpp(1136,28): warning C4305: 'argument': truncation from 'double' to 'GLfloat'
D:\DELL\Documents\Năm ba\Kỳ phụ\Đồ hoạ máy tính\GOC\BaiTHso3_2_project_Cube\GLSLExperiment\example1.cpp(1141,51): warning C4305: 'argument': truncation from 'double' to 'const GLfloat'
D:\DELL\Documents\Năm ba\Kỳ phụ\Đồ hoạ máy tính\GOC\BaiTHso3_2_project_Cube\GLSLExperiment\example1.cpp(1149,28): warning C4305: 'argument': truncation from 'double' to 'GLfloat'
D:\DELL\Documents\Năm ba\Kỳ phụ\Đồ hoạ máy tính\GOC\BaiTHso3_2_project_Cube\GLSLExperiment\example1.cpp(1150,28): warning C4305: 'argument': truncation from 'double' to 'GLfloat'
D:\DELL\Documents\Năm ba\Kỳ phụ\Đồ hoạ máy tính\GOC\BaiTHso3_2_project_Cube\GLSLExperiment\example1.cpp(1158,51): warning C4305: 'argument': truncation from 'double' to 'const GLfloat'
D:\DELL\Documents\Năm ba\Kỳ phụ\Đồ hoạ máy tính\GOC\BaiTHso3_2_project_Cube\GLSLExperiment\example1.cpp(1158,77): warning C4305: 'argument': truncation from 'double' to 'const GLfloat'
D:\DELL\Documents\Năm ba\Kỳ phụ\Đồ hoạ máy tính\GOC\BaiTHso3_2_project_Cube\GLSLExperiment\example1.cpp(1166,28): warning C4305: 'argument': truncation from 'double' to 'GLfloat'
D:\DELL\Documents\Năm ba\Kỳ phụ\Đồ hoạ máy tính\GOC\BaiTHso3_2_project_Cube\GLSLExperiment\example1.cpp(1167,28): warning C4305: 'argument': truncation from 'double' to 'GLfloat'
D:\DELL\Documents\Năm ba\Kỳ phụ\Đồ hoạ máy tính\GOC\BaiTHso3_2_project_Cube\GLSLExperiment\example1.cpp(1175,55): warning C4305: 'argument': truncation from 'double' to 'const GLfloat'
D:\DELL\Documents\Năm ba\Kỳ phụ\Đồ hoạ máy tính\GOC\BaiTHso3_2_project_Cube\GLSLExperiment\example1.cpp(1175,83): warning C4305: 'argument': truncation from 'double' to 'const GLfloat'
D:\DELL\Documents\Năm ba\Kỳ phụ\Đồ hoạ máy tính\GOC\BaiTHso3_2_project_Cube\GLSLExperiment\example1.cpp(1183,28): warning C4305: 'argument': truncation from 'double' to 'GLfloat'
D:\DELL\Documents\Năm ba\Kỳ phụ\Đồ hoạ máy tính\GOC\BaiTHso3_2_project_Cube\GLSLExperiment\example1.cpp(1184,28): warning C4305: 'argument': truncation from 'double' to 'GLfloat'
D:\DELL\Documents\Năm ba\Kỳ phụ\Đồ hoạ máy tính\GOC\BaiTHso3_2_project_Cube\GLSLExperiment\example1.cpp(1192,81): warning C4305: 'argument': truncation from 'double' to 'const GLfloat'
D:\DELL\Documents\Năm ba\Kỳ phụ\Đồ hoạ máy tính\GOC\BaiTHso3_2_project_Cube\GLSLExperiment\example1.cpp(1192,108): warning C4305: 'argument': truncation from 'double' to 'const GLfloat'
D:\DELL\Documents\Năm ba\Kỳ phụ\Đồ hoạ máy tính\GOC\BaiTHso3_2_project_Cube\GLSLExperiment\example1.cpp(1199,28): warning C4305: 'argument': truncation from 'double' to 'GLfloat'
D:\DELL\Documents\Năm ba\Kỳ phụ\Đồ hoạ máy tính\GOC\BaiTHso3_2_project_Cube\GLSLExperiment\example1.cpp(1200,28): warning C4305: 'argument': truncation from 'double' to 'GLfloat'
D:\DELL\Documents\Năm ba\Kỳ phụ\Đồ hoạ máy tính\GOC\BaiTHso3_2_project_Cube\GLSLExperiment\example1.cpp(1208,74): warning C4305: 'argument': truncation from 'double' to 'const GLfloat'
D:\DELL\Documents\Năm ba\Kỳ phụ\Đồ hoạ máy tính\GOC\BaiTHso3_2_project_Cube\GLSLExperiment\example1.cpp(1208,102): warning C4305: 'argument': truncation from 'double' to 'const GLfloat'
D:\DELL\Documents\Năm ba\Kỳ phụ\Đồ hoạ máy tính\GOC\BaiTHso3_2_project_Cube\GLSLExperiment\example1.cpp(1216,28): warning C4305: 'argument': truncation from 'double' to 'GLfloat'
D:\DELL\Documents\Năm ba\Kỳ phụ\Đồ hoạ máy tính\GOC\BaiTHso3_2_project_Cube\GLSLExperiment\example1.cpp(1217,28): warning C4305: 'argument': truncation from 'double' to 'GLfloat'
D:\DELL\Documents\Năm ba\Kỳ phụ\Đồ hoạ máy tính\GOC\BaiTHso3_2_project_Cube\GLSLExperiment\example1.cpp(1225,64): warning C4305: 'argument': truncation from 'double' to 'const GLfloat'
D:\DELL\Documents\Năm ba\Kỳ phụ\Đồ hoạ máy tính\GOC\BaiTHso3_2_project_Cube\GLSLExperiment\example1.cpp(1225,92): warning C4305: 'argument': truncation from 'double' to 'const GLfloat'
D:\DELL\Documents\Năm ba\Kỳ phụ\Đồ hoạ máy tính\GOC\BaiTHso3_2_project_Cube\GLSLExperiment\example1.cpp(1249,69): warning C4244: 'argument': conversion from 'double' to 'const GLfloat', possible loss of data
D:\DELL\Documents\Năm ba\Kỳ phụ\Đồ hoạ máy tính\GOC\BaiTHso3_2_project_Cube\GLSLExperiment\example1.cpp(1249,58): warning C4244: 'argument': conversion from 'double' to 'const GLfloat', possible loss of data
D:\DELL\Documents\Năm ba\Kỳ phụ\Đồ hoạ máy tính\GOC\BaiTHso3_2_project_Cube\GLSLExperiment\example1.cpp(1249,45): warning C4244: 'argument': conversion from 'double' to 'const GLfloat', possible loss of data
D:\DELL\Documents\Năm ba\Kỳ phụ\Đồ hoạ máy tính\GOC\BaiTHso3_2_project_Cube\GLSLExperiment\example1.cpp(1249,103): warning C4305: 'argument': truncation from 'double' to 'GLfloat'
D:\DELL\Documents\Năm ba\Kỳ phụ\Đồ hoạ máy tính\GOC\BaiTHso3_2_project_Cube\GLSLExperiment\example1.cpp(1295,23): warning C4244: 'return': conversion from 'double' to 'float', possible loss of data
D:\DELL\Documents\Năm ba\Kỳ phụ\Đồ hoạ máy tính\GOC\BaiTHso3_2_project_Cube\GLSLExperiment\example1.cpp(1355,30): warning C4244: 'argument': conversion from 'double' to 'const GLfloat', possible loss of data
D:\DELL\Documents\Năm ba\Kỳ phụ\Đồ hoạ máy tính\GOC\BaiTHso3_2_project_Cube\GLSLExperiment\example1.cpp(1359,30): warning C4244: 'argument': conversion from 'double' to 'const GLfloat', possible loss of data
D:\DELL\Documents\Năm ba\Kỳ phụ\Đồ hoạ máy tính\GOC\BaiTHso3_2_project_Cube\GLSLExperiment\example1.cpp(1363,28): warning C4244: 'argument': conversion from 'double' to 'const GLfloat', possible loss of data
D:\DELL\Documents\Năm ba\Kỳ phụ\Đồ hoạ máy tính\GOC\BaiTHso3_2_project_Cube\GLSLExperiment\example1.cpp(1367,28): warning C4244: 'argument': conversion from 'double' to 'const GLfloat', possible loss of data
D:\DELL\Documents\Năm ba\Kỳ phụ\Đồ hoạ máy tính\GOC\BaiTHso3_2_project_Cube\GLSLExperiment\example1.cpp(1371,25): warning C4244: 'argument': conversion from 'double' to 'const GLfloat', possible loss of data
D:\DELL\Documents\Năm ba\Kỳ phụ\Đồ hoạ máy tính\GOC\BaiTHso3_2_project_Cube\GLSLExperiment\example1.cpp(1375,25): warning C4244: 'argument': conversion from 'double' to 'const GLfloat', possible loss of data
D:\DELL\Documents\Năm ba\Kỳ phụ\Đồ hoạ máy tính\GOC\BaiTHso3_2_project_Cube\GLSLExperiment\example1.cpp(1661,18): warning C4305: '-=': truncation from 'double' to 'GLfloat'
D:\DELL\Documents\Năm ba\Kỳ phụ\Đồ hoạ máy tính\GOC\BaiTHso3_2_project_Cube\GLSLExperiment\example1.cpp(1661,32): warning C4305: '-=': truncation from 'double' to 'GLfloat'
D:\DELL\Documents\Năm ba\Kỳ phụ\Đồ hoạ máy tính\GOC\BaiTHso3_2_project_Cube\GLSLExperiment\example1.cpp(1680,25): warning C4305: '+=': truncation from 'double' to 'GLfloat'
D:\DELL\Documents\Năm ba\Kỳ phụ\Đồ hoạ máy tính\GOC\BaiTHso3_2_project_Cube\GLSLExperiment\example1.cpp(1687,25): warning C4305: '-=': truncation from 'double' to 'GLfloat'
D:\DELL\Documents\Năm ba\Kỳ phụ\Đồ hoạ máy tính\GOC\BaiTHso3_2_project_Cube\GLSLExperiment\example1.cpp(1688,51): warning C4305: '=': truncation from 'double' to 'GLfloat'
D:\DELL\Documents\Năm ba\Kỳ phụ\Đồ hoạ máy tính\GOC\BaiTHso3_2_project_Cube\GLSLExperiment\example1.cpp(1688,75): warning C4305: '=': truncation from 'double' to 'GLfloat'
D:\DELL\Documents\Năm ba\Kỳ phụ\Đồ hoạ máy tính\GOC\BaiTHso3_2_project_Cube\GLSLExperiment\example1.cpp(1692,15): warning C4305: '+=': truncation from 'double' to 'GLfloat'
D:\DELL\Documents\Năm ba\Kỳ phụ\Đồ hoạ máy tính\GOC\BaiTHso3_2_project_Cube\GLSLExperiment\example1.cpp(1697,15): warning C4305: '-=': truncation from 'double' to 'GLfloat'
D:\DELL\Documents\Năm ba\Kỳ phụ\Đồ hoạ máy tính\GOC\BaiTHso3_2_project_Cube\GLSLExperiment\example1.cpp(1702,15): warning C4305: '+=': truncation from 'double' to 'GLfloat'
D:\DELL\Documents\Năm ba\Kỳ phụ\Đồ hoạ máy tính\GOC\BaiTHso3_2_project_Cube\GLSLExperiment\example1.cpp(1707,15): warning C4305: '-=': truncation from 'double' to 'GLfloat'
D:\DELL\Documents\Năm ba\Kỳ phụ\Đồ hoạ máy tính\GOC\BaiTHso3_2_project_Cube\GLSLExperiment\example1.cpp(1714,12): warning C4305: '-=': truncation from 'double' to 'GLfloat'
D:\DELL\Documents\Năm ba\Kỳ phụ\Đồ hoạ máy tính\GOC\BaiTHso3_2_project_Cube\GLSLExperiment\example1.cpp(1734,12): warning C4305: '-=': truncation from 'double' to 'GLfloat'
D:\DELL\Documents\Năm ba\Kỳ phụ\Đồ hoạ máy tính\GOC\BaiTHso3_2_project_Cube\GLSLExperiment\example1.cpp(1739,12): warning C4305: '+=': truncation from 'double' to 'GLfloat'
D:\DELL\Documents\Năm ba\Kỳ phụ\Đồ hoạ máy tính\GOC\BaiTHso3_2_project_Cube\GLSLExperiment\example1.cpp(1740,25): warning C4305: '=': truncation from 'double' to 'GLfloat'
D:\DELL\Documents\Năm ba\Kỳ phụ\Đồ hoạ máy tính\GOC\BaiTHso3_2_project_Cube\GLSLExperiment\example1.cpp(1765,20): warning C4305: '-=': truncation from 'double' to 'GLfloat'
D:\DELL\Documents\Năm ba\Kỳ phụ\Đồ hoạ máy tính\GOC\BaiTHso3_2_project_Cube\GLSLExperiment\example1.cpp(1766,43): warning C4305: '=': truncation from 'double' to 'GLfloat'
D:\DELL\Documents\Năm ba\Kỳ phụ\Đồ hoạ máy tính\GOC\BaiTHso3_2_project_Cube\GLSLExperiment\example1.cpp(1770,20): warning C4305: '+=': truncation from 'double' to 'GLfloat'
D:\DELL\Documents\Năm ba\Kỳ phụ\Đồ hoạ máy tính\GOC\BaiTHso3_2_project_Cube\GLSLExperiment\example1.cpp(1785,14): warning C4305: '-=': truncation from 'double' to 'GLfloat'
D:\DELL\Documents\Năm ba\Kỳ phụ\Đồ hoạ máy tính\GOC\BaiTHso3_2_project_Cube\GLSLExperiment\example1.cpp(1790,14): warning C4305: '+=': truncation from 'double' to 'GLfloat'
D:\DELL\Documents\Năm ba\Kỳ phụ\Đồ hoạ máy tính\GOC\BaiTHso3_2_project_Cube\GLSLExperiment\example1.cpp(1791,27): warning C4305: '=': truncation from 'double' to 'GLfloat'
D:\DELL\Documents\Năm ba\Kỳ phụ\Đồ hoạ máy tính\GOC\BaiTHso3_2_project_Cube\GLSLExperiment\example1.cpp(1796,14): warning C4305: '-=': truncation from 'double' to 'GLfloat'
D:\DELL\Documents\Năm ba\Kỳ phụ\Đồ hoạ máy tính\GOC\BaiTHso3_2_project_Cube\GLSLExperiment\example1.cpp(1797,29): warning C4305: '=': truncation from 'double' to 'GLfloat'
D:\DELL\Documents\Năm ba\Kỳ phụ\Đồ hoạ máy tính\GOC\BaiTHso3_2_project_Cube\GLSLExperiment\example1.cpp(1801,14): warning C4305: '+=': truncation from 'double' to 'GLfloat'
D:\DELL\Documents\Năm ba\Kỳ phụ\Đồ hoạ máy tính\GOC\BaiTHso3_2_project_Cube\GLSLExperiment\example1.cpp(1802,27): warning C4305: '=': truncation from 'double' to 'GLfloat'
  GLSLExperiment.vcxproj -> D:\DELL\Documents\Năm ba\Kỳ phụ\Đồ hoạ máy tính\GOC\BaiTHso3_2_project_Cube\Debug\GLSLExperiment.exe
